Build started 5/4/2011 10:30:05 PM.
     1>Project "C:\Irvine\Examples\Project_sample\Project.vcxproj" on node 2 (build target(s)).
     1>InitializeBuildStatus:
         Creating "Debug\Project.unsuccessfulbuild" because "AlwaysCreate" was specified.
       _MASM:
         Assembling [Inputs]...
         cmd.exe /C "C:\Users\Jailhouse\AppData\Local\Temp\f9638bf755b24c0db7def9ac3d03ad46.cmd"
         ml.exe /c /nologo /Zi /Fo"Debug\main.obj" /I "c:\Irvine" /W3 /errorReport:prompt  /Tamain.asm
       Link:
         C:\Program Files (x86)\Microsoft Visual Studio 10.0\VC\bin\link.exe /ERRORREPORT:PROMPT /OUT:"C:\Irvine\Examples\Project_sample\Debug\Project.exe" /NOLOGO /LIBPATH:c:\Irvine user32.lib irvine32.lib kernel32.lib user32.lib gdi32.lib winspool.lib comdlg32.lib advapi32.lib shell32.lib ole32.lib oleaut32.lib uuid.lib odbc32.lib odbccp32.lib /MANIFEST /ManifestFile:"Debug\Project.exe.intermediate.manifest" /MANIFESTUAC:"level='asInvoker' uiAccess='false'" /DEBUG /PDB:"C:\Irvine\Examples\Project_sample\Debug\Project.pdb" /SUBSYSTEM:CONSOLE /TLBID:1 /DYNAMICBASE:NO /IMPLIB:"C:\Irvine\Examples\Project_sample\Debug\Project.lib" /MACHINE:X86 Debug\main.obj
         LINK : C:\Irvine\Examples\Project_sample\Debug\Project.exe not found or not built by the last incremental link; performing full link
         Project.vcxproj -> C:\Irvine\Examples\Project_sample\Debug\Project.exe
       Manifest:
         C:\Program Files (x86)\Microsoft SDKs\Windows\v7.0A\bin\mt.exe /nologo /verbose /outputresource:"C:\Irvine\Examples\Project_sample\Debug\Project.exe;#1" /manifest Debug\Project.exe.intermediate.manifest
       FinalizeBuildStatus:
         Deleting file "Debug\Project.unsuccessfulbuild".
         Touching "Debug\Project.lastbuildstate".
     1>Done Building Project "C:\Irvine\Examples\Project_sample\Project.vcxproj" (build target(s)).

Build succeeded.

Time Elapsed 00:00:00.38
